action: py38-linux, msg: getenv
cwd: /mnt/c/Users/rando/Downloads/vollseg-napari
cmd: /mnt/c/Users/rando/Downloads/vollseg-napari/.tox/py38-linux/bin/python -m pip install pytest pytest-cov napari magicgui pytest-qt qtpy pyqt5 numpy scipy
Collecting pytest
  Downloading pytest-7.1.2-py3-none-any.whl (297 kB)
Collecting pytest-cov
  Downloading pytest_cov-3.0.0-py3-none-any.whl (20 kB)
Collecting napari
  Downloading napari-0.4.15-py3-none-any.whl (2.5 MB)
Collecting magicgui
  Downloading magicgui-0.4.0-py2.py3-none-any.whl (98 kB)
Collecting pytest-qt
  Downloading pytest_qt-4.0.2-py2.py3-none-any.whl (33 kB)
Collecting qtpy
  Downloading QtPy-2.0.1-py3-none-any.whl (65 kB)
Collecting pyqt5
  Using cached PyQt5-5.15.6-cp36-abi3-manylinux1_x86_64.whl (8.3 MB)
Collecting numpy
  Downloading numpy-1.22.3-cp38-cp38-manylinux_2_17_x86_64.manylinux2014_x86_64.whl (16.8 MB)
Collecting scipy
  Downloading scipy-1.8.0-cp38-cp38-manylinux_2_17_x86_64.manylinux2014_x86_64.whl (41.6 MB)
Collecting py>=1.8.2
  Using cached py-1.11.0-py2.py3-none-any.whl (98 kB)
Collecting tomli>=1.0.0
  Downloading tomli-2.0.1-py3-none-any.whl (12 kB)
Collecting iniconfig
  Downloading iniconfig-1.1.1-py2.py3-none-any.whl (5.0 kB)
Collecting pluggy<2.0,>=0.12
  Using cached pluggy-1.0.0-py2.py3-none-any.whl (13 kB)
Collecting packaging
  Using cached packaging-21.3-py3-none-any.whl (40 kB)
Collecting attrs>=19.2.0
  Using cached attrs-21.4.0-py2.py3-none-any.whl (60 kB)
Collecting coverage[toml]>=5.2.1
  Downloading coverage-6.3.2-cp38-cp38-manylinux_2_5_x86_64.manylinux1_x86_64.manylinux_2_17_x86_64.manylinux2014_x86_64.whl (212 kB)
Collecting tqdm>=4.56.0
  Downloading tqdm-4.64.0-py2.py3-none-any.whl (78 kB)
Collecting cachey>=0.2.1
  Using cached cachey-0.2.1-py3-none-any.whl (6.4 kB)
Collecting numpydoc>=0.9.2
  Downloading numpydoc-1.2.1-py3-none-any.whl (51 kB)
Collecting toolz>=0.10.0
  Using cached toolz-0.11.2-py3-none-any.whl (55 kB)
Collecting pandas>=1.1.0
  Downloading pandas-1.4.2-cp38-cp38-manylinux_2_17_x86_64.manylinux2014_x86_64.whl (11.7 MB)
Collecting certifi>=2018.1.18
  Downloading certifi-2021.10.8-py2.py3-none-any.whl (149 kB)
Collecting psutil>=5.0
  Downloading psutil-5.9.0-cp38-cp38-manylinux_2_12_x86_64.manylinux2010_x86_64.manylinux_2_17_x86_64.manylinux2014_x86_64.whl (283 kB)
Collecting tifffile>=2020.2.16
  Downloading tifffile-2022.4.22-py3-none-any.whl (191 kB)
Collecting appdirs>=1.4.4
  Using cached appdirs-1.4.4-py2.py3-none-any.whl (9.6 kB)
Collecting napari-plugin-engine>=0.1.9
  Using cached napari_plugin_engine-0.2.0-py3-none-any.whl (33 kB)
Collecting PyOpenGL>=3.1.0
  Downloading PyOpenGL-3.1.6-py3-none-any.whl (2.4 MB)
Collecting napari-console>=0.0.4
  Using cached napari_console-0.0.4-py3-none-any.whl (7.8 kB)
Collecting Pillow!=7.1.0,!=7.1.1
  Downloading Pillow-9.1.0-cp38-cp38-manylinux_2_17_x86_64.manylinux2014_x86_64.whl (4.3 MB)
Collecting wrapt>=1.11.1
  Downloading wrapt-1.14.0-cp38-cp38-manylinux_2_5_x86_64.manylinux1_x86_64.manylinux_2_17_x86_64.manylinux2014_x86_64.whl (80 kB)
Collecting typing-extensions
  Downloading typing_extensions-4.2.0-py3-none-any.whl (24 kB)
Collecting PyYAML>=5.1
  Downloading PyYAML-6.0-cp38-cp38-manylinux_2_5_x86_64.manylinux1_x86_64.manylinux_2_12_x86_64.manylinux2010_x86_64.whl (701 kB)
Collecting vispy>=0.9.6
  Downloading vispy-0.10.0-cp38-cp38-manylinux_2_5_x86_64.manylinux1_x86_64.manylinux_2_17_x86_64.manylinux2014_x86_64.whl (1.5 MB)
Collecting npe2>=0.1.1
  Downloading npe2-0.3.0-py2.py3-none-any.whl (58 kB)
Collecting imageio!=2.11.0,>=2.5.0
  Downloading imageio-2.17.0-py3-none-any.whl (3.4 MB)
Collecting napari-svg>=0.1.4
  Downloading napari_svg-0.1.6-py3-none-any.whl (12 kB)
Collecting superqt>=0.2.5
  Downloading superqt-0.3.1-py3-none-any.whl (55 kB)
Collecting pydantic>=1.9.0
  Downloading pydantic-1.9.0-cp38-cp38-manylinux_2_17_x86_64.manylinux2014_x86_64.whl (12.6 MB)
Collecting jsonschema>=3.2.0
  Downloading jsonschema-4.4.0-py3-none-any.whl (72 kB)
Collecting dask[array]!=2.28.0,>=2.15.0
  Downloading dask-2022.4.1-py3-none-any.whl (1.1 MB)
Collecting pint>=0.17
  Downloading Pint-0.19.2.tar.gz (292 kB)
  Installing build dependencies: started
  Installing build dependencies: finished with status 'done'
  Getting requirements to build wheel: started
  Getting requirements to build wheel: finished with status 'done'
  Preparing metadata (pyproject.toml): started
  Preparing metadata (pyproject.toml): finished with status 'done'
Collecting psygnal>=0.3.0
  Downloading psygnal-0.3.3-cp38-cp38-manylinux_2_17_x86_64.manylinux2014_x86_64.whl (2.6 MB)
Collecting docstring-parser
  Using cached docstring_parser-0.13.tar.gz (23 kB)
  Installing build dependencies: started
  Installing build dependencies: finished with status 'done'
  Getting requirements to build wheel: started
  Getting requirements to build wheel: finished with status 'done'
  Preparing metadata (pyproject.toml): started
  Preparing metadata (pyproject.toml): finished with status 'done'
Collecting PyQt5-Qt5>=5.15.2
  Using cached PyQt5_Qt5-5.15.2-py3-none-manylinux2014_x86_64.whl (59.9 MB)
Collecting PyQt5-sip<13,>=12.8
  Downloading PyQt5_sip-12.10.1-cp38-cp38-manylinux1_x86_64.whl (353 kB)
Collecting heapdict
  Using cached HeapDict-1.0.1-py3-none-any.whl (3.9 kB)
Collecting fsspec>=0.6.0
  Downloading fsspec-2022.3.0-py3-none-any.whl (136 kB)
Collecting cloudpickle>=1.1.1
  Using cached cloudpickle-2.0.0-py3-none-any.whl (25 kB)
Collecting partd>=0.3.10
  Using cached partd-1.2.0-py3-none-any.whl (19 kB)
Collecting pyrsistent!=0.17.0,!=0.17.1,!=0.17.2,>=0.14.0
  Downloading pyrsistent-0.18.1-cp38-cp38-manylinux_2_17_x86_64.manylinux2014_x86_64.whl (119 kB)
Collecting importlib-resources>=1.4.0
  Downloading importlib_resources-5.7.1-py3-none-any.whl (28 kB)
Collecting ipykernel>=5.2.0
  Downloading ipykernel-6.13.0-py3-none-any.whl (131 kB)
Collecting IPython>=7.7.0
  Downloading ipython-8.2.0-py3-none-any.whl (750 kB)
Collecting qtconsole!=4.7.6,>=4.5.1
  Downloading qtconsole-5.3.0-py3-none-any.whl (120 kB)
Collecting pytomlpp
  Downloading pytomlpp-1.0.11-cp38-cp38-manylinux_2_12_x86_64.manylinux2010_x86_64.whl (2.7 MB)
Collecting typer
  Downloading typer-0.4.1-py3-none-any.whl (27 kB)
Collecting sphinx>=1.8
  Downloading Sphinx-4.5.0-py3-none-any.whl (3.1 MB)
Collecting Jinja2<3.1,>=2.10
  Using cached Jinja2-3.0.3-py3-none-any.whl (133 kB)
Collecting pyparsing!=3.0.5,>=2.0.2
  Using cached pyparsing-3.0.8-py3-none-any.whl (98 kB)
Collecting pytz>=2020.1
  Downloading pytz-2022.1-py2.py3-none-any.whl (503 kB)
Collecting python-dateutil>=2.8.1
  Using cached python_dateutil-2.8.2-py2.py3-none-any.whl (247 kB)
Collecting freetype-py
  Using cached freetype_py-2.2.0-py3-none-manylinux1_x86_64.whl (890 kB)
Collecting hsluv
  Using cached hsluv-5.0.2-py2.py3-none-any.whl (5.1 kB)
Collecting kiwisolver
  Downloading kiwisolver-1.4.2-cp38-cp38-manylinux_2_5_x86_64.manylinux1_x86_64.whl (1.2 MB)
Collecting zipp>=3.1.0
  Downloading zipp-3.8.0-py3-none-any.whl (5.4 kB)
Collecting debugpy>=1.0
  Downloading debugpy-1.6.0-cp38-cp38-manylinux_2_5_x86_64.manylinux1_x86_64.manylinux_2_12_x86_64.manylinux2010_x86_64.whl (1.8 MB)
Collecting jupyter-client>=6.1.12
  Downloading jupyter_client-7.2.2-py3-none-any.whl (130 kB)
Collecting tornado>=6.1
  Downloading tornado-6.1-cp38-cp38-manylinux2010_x86_64.whl (427 kB)
Collecting matplotlib-inline>=0.1
  Using cached matplotlib_inline-0.1.3-py3-none-any.whl (8.2 kB)
Collecting nest-asyncio
  Downloading nest_asyncio-1.5.5-py3-none-any.whl (5.2 kB)
Collecting traitlets>=5.1.0
  Using cached traitlets-5.1.1-py3-none-any.whl (102 kB)
Collecting decorator
  Downloading decorator-5.1.1-py3-none-any.whl (9.1 kB)
Collecting pexpect>4.3
  Using cached pexpect-4.8.0-py2.py3-none-any.whl (59 kB)
Requirement already satisfied: setuptools>=18.5 in ./.tox/py38-linux/lib/python3.8/site-packages (from IPython>=7.7.0->napari-console>=0.0.4->napari) (60.2.0)
Collecting stack-data
  Downloading stack_data-0.2.0-py3-none-any.whl (21 kB)
Collecting prompt-toolkit!=3.0.0,!=3.0.1,<3.1.0,>=2.0.0
  Downloading prompt_toolkit-3.0.29-py3-none-any.whl (381 kB)
Collecting jedi>=0.16
  Using cached jedi-0.18.1-py2.py3-none-any.whl (1.6 MB)
Collecting pygments>=2.4.0
  Downloading Pygments-2.11.2-py3-none-any.whl (1.1 MB)
Collecting pickleshare
  Using cached pickleshare-0.7.5-py2.py3-none-any.whl (6.9 kB)
Collecting backcall
  Using cached backcall-0.2.0-py2.py3-none-any.whl (11 kB)
Collecting MarkupSafe>=2.0
  Downloading MarkupSafe-2.1.1-cp38-cp38-manylinux_2_17_x86_64.manylinux2014_x86_64.whl (25 kB)
Collecting locket
  Downloading locket-1.0.0-py2.py3-none-any.whl (4.4 kB)
Collecting six>=1.5
  Using cached six-1.16.0-py2.py3-none-any.whl (11 kB)
Collecting pyzmq>=17.1
  Downloading pyzmq-22.3.0-cp38-cp38-manylinux_2_12_x86_64.manylinux2010_x86_64.whl (1.1 MB)
Collecting ipython-genutils
  Using cached ipython_genutils-0.2.0-py2.py3-none-any.whl (26 kB)
Collecting jupyter-core
  Downloading jupyter_core-4.10.0-py3-none-any.whl (87 kB)
Collecting importlib-metadata>=4.4
  Downloading importlib_metadata-4.11.3-py3-none-any.whl (18 kB)
Collecting sphinxcontrib-devhelp
  Using cached sphinxcontrib_devhelp-1.0.2-py2.py3-none-any.whl (84 kB)
Collecting requests>=2.5.0
  Downloading requests-2.27.1-py2.py3-none-any.whl (63 kB)
Collecting alabaster<0.8,>=0.7
  Using cached alabaster-0.7.12-py2.py3-none-any.whl (14 kB)
Collecting sphinxcontrib-htmlhelp>=2.0.0
  Using cached sphinxcontrib_htmlhelp-2.0.0-py2.py3-none-any.whl (100 kB)
Collecting sphinxcontrib-jsmath
  Using cached sphinxcontrib_jsmath-1.0.1-py2.py3-none-any.whl (5.1 kB)
Collecting sphinxcontrib-applehelp
  Using cached sphinxcontrib_applehelp-1.0.2-py2.py3-none-any.whl (121 kB)
Collecting sphinxcontrib-serializinghtml>=1.1.5
  Using cached sphinxcontrib_serializinghtml-1.1.5-py2.py3-none-any.whl (94 kB)
Collecting snowballstemmer>=1.1
  Using cached snowballstemmer-2.2.0-py2.py3-none-any.whl (93 kB)
Collecting imagesize
  Using cached imagesize-1.3.0-py2.py3-none-any.whl (5.2 kB)
Collecting babel>=1.3
  Downloading Babel-2.10.1-py3-none-any.whl (9.5 MB)
Collecting docutils<0.18,>=0.14
  Using cached docutils-0.17.1-py2.py3-none-any.whl (575 kB)
Collecting sphinxcontrib-qthelp
  Using cached sphinxcontrib_qthelp-1.0.3-py2.py3-none-any.whl (90 kB)
Collecting click<9.0.0,>=7.1.1
  Downloading click-8.1.2-py3-none-any.whl (96 kB)
Collecting parso<0.9.0,>=0.8.0
  Using cached parso-0.8.3-py2.py3-none-any.whl (100 kB)
Collecting entrypoints
  Downloading entrypoints-0.4-py3-none-any.whl (5.3 kB)
Collecting ptyprocess>=0.5
  Using cached ptyprocess-0.7.0-py2.py3-none-any.whl (13 kB)
Collecting wcwidth
  Using cached wcwidth-0.2.5-py2.py3-none-any.whl (30 kB)
Collecting urllib3<1.27,>=1.21.1
  Downloading urllib3-1.26.9-py2.py3-none-any.whl (138 kB)
Collecting charset-normalizer~=2.0.0
  Downloading charset_normalizer-2.0.12-py3-none-any.whl (39 kB)
Collecting idna<4,>=2.5
  Using cached idna-3.3-py3-none-any.whl (61 kB)
Collecting asttokens
  Downloading asttokens-2.0.5-py2.py3-none-any.whl (20 kB)
Collecting executing
  Downloading executing-0.8.3-py2.py3-none-any.whl (16 kB)
Collecting pure-eval
  Downloading pure_eval-0.2.2-py3-none-any.whl (11 kB)
Building wheels for collected packages: pint, docstring-parser
  Building wheel for pint (pyproject.toml): started
  Building wheel for pint (pyproject.toml): finished with status 'done'
  Created wheel for pint: filename=Pint-0.19.2-py3-none-any.whl size=231020 sha256=15ddab16baf1a0c548c11ddf2e021c4944e13d8831a9e2fc01ab6331a4a272b9
  Stored in directory: /home/varunkapoor/.cache/pip/wheels/98/1d/e0/a44541f5302ac50028a3be0db9417c18092c61f25009d62145
  Building wheel for docstring-parser (pyproject.toml): started
  Building wheel for docstring-parser (pyproject.toml): finished with status 'done'
  Created wheel for docstring-parser: filename=docstring_parser-0.13-py3-none-any.whl size=31866 sha256=516089d9c9412eaa3146146f85922b37dd68404889123680cef225150e8b3824
  Stored in directory: /home/varunkapoor/.cache/pip/wheels/26/52/35/0f8ba5e7897d1eb4a5276001de44a20a19e220eaf266f518d4
Successfully built pint docstring-parser
Installing collected packages: six, wcwidth, traitlets, pure-eval, ptyprocess, parso, executing, asttokens, tornado, stack-data, pyzmq, python-dateutil, pyparsing, pygments, prompt-toolkit, pickleshare, pexpect, nest-asyncio, matplotlib-inline, jupyter-core, jedi, entrypoints, decorator, backcall, zipp, urllib3, typing-extensions, toolz, pytz, psutil, packaging, MarkupSafe, locket, jupyter-client, IPython, idna, debugpy, charset-normalizer, certifi, sphinxcontrib-serializinghtml, sphinxcontrib-qthelp, sphinxcontrib-jsmath, sphinxcontrib-htmlhelp, sphinxcontrib-devhelp, sphinxcontrib-applehelp, snowballstemmer, requests, qtpy, PyYAML, psygnal, Pillow, partd, numpy, kiwisolver, Jinja2, ipython-genutils, ipykernel, importlib-metadata, imagesize, hsluv, fsspec, freetype-py, docutils, docstring-parser, cloudpickle, click, babel, alabaster, vispy, typer, tomli, sphinx, qtconsole, pytomlpp, pyrsistent, pydantic, py, pluggy, napari-plugin-engine, magicgui, iniconfig, importlib-resources, imageio, heapdict, dask, coverage, attrs, appdirs, wrapt, tqdm, tifffile, superqt, scipy, pytest, PyQt5-sip, PyQt5-Qt5, PyOpenGL, pint, pandas, numpydoc, npe2, napari-svg, napari-console, jsonschema, cachey, pytest-qt, pytest-cov, pyqt5, napari
ERROR: Operation cancelled by user
WARNING: You are using pip version 21.3.1; however, version 22.0.4 is available.
You should consider upgrading via the '/mnt/c/Users/rando/Downloads/vollseg-napari/.tox/py38-linux/bin/python -m pip install --upgrade pip' command.
